<?xml version="1.0" encoding="UTF-8"?>
<testsuite xmlns:xsi="http://www.w3.org/2001/XMLSchema-instance" xsi:noNamespaceSchemaLocation="https://maven.apache.org/surefire/maven-surefire-plugin/xsd/surefire-test-report.xsd" name="huff.demos.AppTest" time="0.047" tests="1" errors="0" skipped="0" failures="0">
  <properties>
    <property name="sun.desktop" value="windows"/>
    <property name="awt.toolkit" value="sun.awt.windows.WToolkit"/>
    <property name="java.specification.version" value="11"/>
    <property name="sun.cpu.isalist" value="amd64"/>
    <property name="sun.jnu.encoding" value="Cp1252"/>
    <property name="java.class.path" value="E:\Projects\java\learn\weather\target\test-classes;E:\Projects\java\learn\weather\target\classes;C:\Users\Rick\.m2\repository\junit\junit\4.11\junit-4.11.jar;C:\Users\Rick\.m2\repository\org\hamcrest\hamcrest-core\1.3\hamcrest-core-1.3.jar;"/>
    <property name="java.vm.vendor" value="AdoptOpenJDK"/>
    <property name="sun.arch.data.model" value="64"/>
    <property name="user.variant" value=""/>
    <property name="java.vendor.url" value="https://adoptopenjdk.net/"/>
    <property name="user.timezone" value="America/Denver"/>
    <property name="java.vm.specification.version" value="11"/>
    <property name="os.name" value="Windows 10"/>
    <property name="sun.java.launcher" value="SUN_STANDARD"/>
    <property name="user.country" value="US"/>
    <property name="sun.boot.library.path" value="E:\Program Files\AdoptOpenJDK\jdk-11.0.10.9-hotspot\bin"/>
    <property name="sun.java.command" value="C:\Users\Rick\AppData\Local\Temp\surefire60859982955174773\surefirebooter11185160367152169537.jar C:\Users\Rick\AppData\Local\Temp\surefire60859982955174773 2021-11-16T11-27-36_664-jvmRun1 surefire1903698966723578298tmp surefire_017397552447342636tmp"/>
    <property name="jdk.debug" value="release"/>
    <property name="surefire.test.class.path" value="E:\Projects\java\learn\weather\target\test-classes;E:\Projects\java\learn\weather\target\classes;C:\Users\Rick\.m2\repository\junit\junit\4.11\junit-4.11.jar;C:\Users\Rick\.m2\repository\org\hamcrest\hamcrest-core\1.3\hamcrest-core-1.3.jar;"/>
    <property name="sun.cpu.endian" value="little"/>
    <property name="user.home" value="C:\Users\Rick"/>
    <property name="user.language" value="en"/>
    <property name="java.specification.vendor" value="Oracle Corporation"/>
    <property name="java.version.date" value="2021-01-19"/>
    <property name="java.home" value="E:\Program Files\AdoptOpenJDK\jdk-11.0.10.9-hotspot"/>
    <property name="file.separator" value="\"/>
    <property name="basedir" value="E:\Projects\java\learn\weather"/>
    <property name="java.vm.compressedOopsMode" value="Zero based"/>
    <property name="line.separator" value="&#10;"/>
    <property name="java.specification.name" value="Java Platform API Specification"/>
    <property name="java.vm.specification.vendor" value="Oracle Corporation"/>
    <property name="java.awt.graphicsenv" value="sun.awt.Win32GraphicsEnvironment"/>
    <property name="surefire.real.class.path" value="C:\Users\Rick\AppData\Local\Temp\surefire60859982955174773\surefirebooter11185160367152169537.jar"/>
    <property name="user.script" value=""/>
    <property name="sun.management.compiler" value="HotSpot 64-Bit Tiered Compilers"/>
    <property name="java.runtime.version" value="11.0.10+9"/>
    <property name="user.name" value="Rick"/>
    <property name="path.separator" value=";"/>
    <property name="os.version" value="10.0"/>
    <property name="java.runtime.name" value="OpenJDK Runtime Environment"/>
    <property name="file.encoding" value="Cp1252"/>
    <property name="java.vm.name" value="OpenJDK 64-Bit Server VM"/>
    <property name="java.vendor.version" value="AdoptOpenJDK"/>
    <property name="localRepository" value="C:\Users\Rick\.m2\repository"/>
    <property name="java.vendor.url.bug" value="https://github.com/AdoptOpenJDK/openjdk-support/issues"/>
    <property name="java.io.tmpdir" value="C:\Users\Rick\AppData\Local\Temp\"/>
    <property name="java.version" value="11.0.10"/>
    <property name="user.dir" value="E:\Projects\java\learn\weather"/>
    <property name="os.arch" value="amd64"/>
    <property name="java.vm.specification.name" value="Java Virtual Machine Specification"/>
    <property name="java.awt.printerjob" value="sun.awt.windows.WPrinterJob"/>
    <property name="sun.os.patch.level" value=""/>
    <property name="java.library.path" value="E:\Program Files\AdoptOpenJDK\jdk-11.0.10.9-hotspot\bin;C:\WINDOWS\Sun\Java\bin;C:\WINDOWS\system32;C:\WINDOWS;C:\Users\Rick\bin;E:\Program Files\Git\mingw64\bin;E:\Program Files\Git\usr\local\bin;E:\Program Files\Git\usr\bin;E:\Program Files\Git\usr\bin;E:\Program Files\Git\mingw64\bin;E:\Program Files\Git\usr\bin;C:\Users\Rick\bin;C:\Program Files (x86)\NVIDIA Corporation\PhysX\Common;E:\Program Files\AdoptOpenJDK\jdk-11.0.10.9-hotspot\bin;C:\Python39\Scripts;C:\Python39;C:\WINDOWS\system32;C:\WINDOWS;C:\WINDOWS\System32\Wbem;C:\WINDOWS\System32\WindowsPowerShell\v1.0;C:\WINDOWS\System32\OpenSSH;C:\Program Files\Calibre2;C:\Program Files\PuTTY;E:\Program Files\nodejs;C:\ProgramData\chocolatey\bin;E:\Program Files\Git\cmd;C:\Users\Rick\AppData\Local\Microsoft\WindowsApps;C:\Users\Rick\AppData\Local\Programs\Microsoft VS Code\bin;C:\Users\Rick\AppData\Roaming\npm;E:\Program Files\apache-maven-3.6.3\bin;E:\Program Files\groovy-3.0.7\bin;E:\Program Files\Git\usr\bin\vendor_perl;E:\Program Files\Git\usr\bin\core_perl;."/>
    <property name="java.vm.info" value="mixed mode"/>
    <property name="java.vendor" value="AdoptOpenJDK"/>
    <property name="java.vm.version" value="11.0.10+9"/>
    <property name="sun.io.unicode.encoding" value="UnicodeLittle"/>
    <property name="java.class.version" value="55.0"/>
  </properties>
  <testcase name="shouldAnswerWithTrue" classname="huff.demos.AppTest" time="0.003"/>
</testsuite>